  stdafx.cpp
  CObject.cpp
  Sound.cpp
  SimpleGame.cpp
c:\users\김상수\desktop\겜소공\gse_2_2014180049\simplegame\simplegame\simplegame.cpp(51): warning C4244: '인수': 'int'에서 'float'(으)로 변환하면서 데이터가 손실될 수 있습니다.
  SceneMgr.cpp
c:\users\김상수\desktop\겜소공\gse_2_2014180049\simplegame\simplegame\scenemgr.cpp(148): warning C4305: '인수': 'double'에서 'float'(으)로 잘립니다.
  Renderer.cpp
c:\users\김상수\desktop\겜소공\gse_2_2014180049\simplegame\simplegame\renderer.cpp(257): warning C4244: '=': 'double'에서 'float'(으)로 변환하면서 데이터가 손실될 수 있습니다.
c:\users\김상수\desktop\겜소공\gse_2_2014180049\simplegame\simplegame\renderer.cpp(258): warning C4244: '=': 'double'에서 'float'(으)로 변환하면서 데이터가 손실될 수 있습니다.
c:\users\김상수\desktop\겜소공\gse_2_2014180049\simplegame\simplegame\renderer.cpp(558): warning C4267: '=': 'size_t'에서 'GLint'(으)로 변환하면서 데이터가 손실될 수 있습니다.
c:\users\김상수\desktop\겜소공\gse_2_2014180049\simplegame\simplegame\renderer.cpp(1118): warning C4244: '인수': 'float'에서 'GLint'(으)로 변환하면서 데이터가 손실될 수 있습니다.
c:\users\김상수\desktop\겜소공\gse_2_2014180049\simplegame\simplegame\renderer.cpp(1194): warning C4018: '<': signed 또는 unsigned가 일치하지 않습니다.
  LoadPng.cpp
c:\users\김상수\desktop\겜소공\gse_2_2014180049\simplegame\simplegame\loadpng.cpp(800): warning C4334: '<<': 32비트 시프트의 결과가 암시적으로 64비트로 변환됩니다. 64비트 시프트를 사용하시겠습니까?
c:\users\김상수\desktop\겜소공\gse_2_2014180049\simplegame\simplegame\loadpng.cpp(1462): warning C4267: '=': 'size_t'에서 'int'(으)로 변환하면서 데이터가 손실될 수 있습니다.
c:\users\김상수\desktop\겜소공\gse_2_2014180049\simplegame\simplegame\loadpng.cpp(1466): warning C4267: '=': 'size_t'에서 'int'(으)로 변환하면서 데이터가 손실될 수 있습니다.
c:\users\김상수\desktop\겜소공\gse_2_2014180049\simplegame\simplegame\loadpng.cpp(1538): warning C4267: '=': 'size_t'에서 'unsigned int'(으)로 변환하면서 데이터가 손실될 수 있습니다.
c:\users\김상수\desktop\겜소공\gse_2_2014180049\simplegame\simplegame\loadpng.cpp(3483): warning C4334: '<<': 32비트 시프트의 결과가 암시적으로 64비트로 변환됩니다. 64비트 시프트를 사용하시겠습니까?
c:\users\김상수\desktop\겜소공\gse_2_2014180049\simplegame\simplegame\loadpng.cpp(3497): warning C4267: '인수': 'size_t'에서 'unsigned int'(으)로 변환하면서 데이터가 손실될 수 있습니다.
c:\users\김상수\desktop\겜소공\gse_2_2014180049\simplegame\simplegame\loadpng.cpp(4338): warning C4267: '=': 'size_t'에서 'unsigned int'(으)로 변환하면서 데이터가 손실될 수 있습니다.
c:\users\김상수\desktop\겜소공\gse_2_2014180049\simplegame\simplegame\loadpng.cpp(4386): warning C4267: '=': 'size_t'에서 'unsigned int'(으)로 변환하면서 데이터가 손실될 수 있습니다.
c:\users\김상수\desktop\겜소공\gse_2_2014180049\simplegame\simplegame\loadpng.cpp(4466): warning C4267: '=': 'size_t'에서 'unsigned int'(으)로 변환하면서 데이터가 손실될 수 있습니다.
c:\users\김상수\desktop\겜소공\gse_2_2014180049\simplegame\simplegame\loadpng.cpp(5409): warning C4267: '초기화 중': 'size_t'에서 'unsigned int'(으)로 변환하면서 데이터가 손실될 수 있습니다.
  코드를 생성하고 있습니다...
  SimpleGame.vcxproj -> C:\Users\김상수\Desktop\겜소공\GSE_2_2014180049\SimpleGame\x64\Debug\SimpleGame.exe
  SimpleGame.vcxproj -> C:\Users\김상수\Desktop\겜소공\GSE_2_2014180049\SimpleGame\x64\Debug\SimpleGame.pdb (Partial PDB)
